<?xml version="1.0" encoding="UTF-8"?>
<!-- Generated by org.testng.reporters.JUnitXMLReporter -->
<testsuite ignored="0" hostname="DESKTOP-L9L7L9E" failures="0" tests="3" name="Default test" time="0.091" errors="0" timestamp="2024-11-10T18:45:29 IST">
  <testcase classname="Test.Dataprovider" name="webLogin" time="0.016"/>
  <testcase classname="Test.Dataprovider" name="webLogin" time="0.003"/>
  <testcase classname="Test.Dataprovider" name="webLogin" time="0.004"/>
</testsuite> <!-- Default test -->
