<?xml version="1.0" encoding="UTF-8"?>
<!-- Generated by org.testng.reporters.JUnitXMLReporter -->
<testsuite ignored="2" hostname="DESKTOP-L9L7L9E" failures="0" tests="3" name="module2" time="0.058" errors="0" timestamp="2024-11-09T22:48:35 IST">
  <testcase classname="Test.prioritizeTestcase" name="loginAPI" time="0.005"/>
  <testcase classname="Test.prioritizeTestcase" name="regressiontc" time="0.005"/>
  <testcase classname="Test.prioritizeTestcase" name="webloginLoan" time="0.007"/>
  <testcase classname="Test.prioritizeTestcase" name="mobilelogin" time="0.0">
    <ignored/>
  </testcase> <!-- mobilelogin -->
  <testcase classname="Test.prioritizeTestcase" name="mobilesignout" time="0.0">
    <ignored/>
  </testcase> <!-- mobilesignout -->
</testsuite> <!-- module2 -->
