<?xml version="1.0" encoding="UTF-8"?>
<!-- Generated by org.testng.reporters.JUnitXMLReporter -->
<testsuite ignored="10" hostname="DESKTOP-L9L7L9E" failures="0" tests="3" name="Regression" time="0.089" errors="0" timestamp="2024-11-10T19:33:40 IST">
  <testcase classname="Test.GroupsUsage" name="regressiontc" time="0.017"/>
  <testcase classname="Test.prioritizeTestcase" name="regressiontc" time="0.002"/>
  <testcase classname="Test.Basics" name="regressiontc" time="0.004"/>
  <testcase classname="Test.Basics" name="print" time="0.0">
    <ignored/>
  </testcase> <!-- print -->
  <testcase classname="Test.GroupsUsage" name="bzxy" time="0.0">
    <ignored/>
  </testcase> <!-- bzxy -->
  <testcase classname="Test.GroupsUsage" name="bugtc" time="0.0">
    <ignored/>
  </testcase> <!-- bugtc -->
  <testcase classname="Test.GroupsUsage" name="Alphaone" time="0.0">
    <ignored/>
  </testcase> <!-- Alphaone -->
  <testcase classname="Test.GroupsUsage" name="middle" time="0.0">
    <ignored/>
  </testcase> <!-- middle -->
  <testcase classname="Test.prioritizeTestcase" name="mobilelogin" time="0.0">
    <ignored/>
  </testcase> <!-- mobilelogin -->
  <testcase classname="Test.Basics" name="SecondTestCase" time="0.0">
    <ignored/>
  </testcase> <!-- SecondTestCase -->
  <testcase classname="Test.prioritizeTestcase" name="webloginLoan" time="0.0">
    <ignored/>
  </testcase> <!-- webloginLoan -->
  <testcase classname="Test.prioritizeTestcase" name="loginAPI" time="0.0">
    <ignored/>
  </testcase> <!-- loginAPI -->
  <testcase classname="Test.prioritizeTestcase" name="mobilesignout" time="0.0">
    <ignored/>
  </testcase> <!-- mobilesignout -->
</testsuite> <!-- Regression -->
